C:\USERS\KURRATALAB\DOCUMENTS\GITHUB\TIS_INTEHNSHIP\NO1\NO1\DEBUG\NO1.EXE
C:\USERS\KURRATALAB\DOCUMENTS\GITHUB\TIS_INTEHNSHIP\NO1\NO1\DEBUG\NO1.ILK
C:\USERS\KURRATALAB\DOCUMENTS\GITHUB\TIS_INTEHNSHIP\NO1\NO1\DEBUG\NO1.PDB
C:\USERS\KURRATALAB\DOCUMENTS\GITHUB\TIS_INTEHNSHIP\NO1\NO1\NO1\DEBUG\MAIN.OBJ
C:\USERS\KURRATALAB\DOCUMENTS\GITHUB\TIS_INTEHNSHIP\NO1\NO1\NO1\DEBUG\NO1.EXE.INTERMEDIATE.MANIFEST
C:\USERS\KURRATALAB\DOCUMENTS\GITHUB\TIS_INTEHNSHIP\NO1\NO1\NO1\DEBUG\VC100.PDB
C:\Users\kurratalab\Documents\GitHub\TIS_Internship\no1\no1\Debug\no1.exe
C:\Users\kurratalab\Documents\GitHub\TIS_Internship\no1\no1\Debug\no1.ilk
C:\Users\kurratalab\Documents\GitHub\TIS_Internship\no1\no1\Debug\no1.pdb
C:\Users\kurratalab\Documents\GitHub\TIS_Internship\no1\no1\no1\Debug\cl.command.1.tlog
C:\Users\kurratalab\Documents\GitHub\TIS_Internship\no1\no1\no1\Debug\CL.read.1.tlog
C:\Users\kurratalab\Documents\GitHub\TIS_Internship\no1\no1\no1\Debug\CL.write.1.tlog
C:\Users\kurratalab\Documents\GitHub\TIS_Internship\no1\no1\no1\Debug\link.command.1.tlog
C:\Users\kurratalab\Documents\GitHub\TIS_Internship\no1\no1\no1\Debug\link.read.1.tlog
C:\Users\kurratalab\Documents\GitHub\TIS_Internship\no1\no1\no1\Debug\link.write.1.tlog
C:\Users\kurratalab\Documents\GitHub\TIS_Internship\no1\no1\no1\Debug\main.obj
C:\Users\kurratalab\Documents\GitHub\TIS_Internship\no1\no1\no1\Debug\mt.command.1.tlog
C:\Users\kurratalab\Documents\GitHub\TIS_Internship\no1\no1\no1\Debug\mt.read.1.tlog
C:\Users\kurratalab\Documents\GitHub\TIS_Internship\no1\no1\no1\Debug\mt.write.1.tlog
C:\Users\kurratalab\Documents\GitHub\TIS_Internship\no1\no1\no1\Debug\no1.exe.intermediate.manifest
C:\Users\kurratalab\Documents\GitHub\TIS_Internship\no1\no1\no1\Debug\no1.write.1.tlog
C:\Users\kurratalab\Documents\GitHub\TIS_Internship\no1\no1\no1\Debug\vc100.idb
C:\Users\kurratalab\Documents\GitHub\TIS_Internship\no1\no1\no1\Debug\vc100.pdb
