2014/02/27 22:23:28 にビルドを開始しました。
     1>ノード 2 上のプロジェクト "C:\Users\kurratalab\Documents\GitHub\TIS_Internship\no2\no2_1\no2_1\no2_1.vcxproj" (build ターゲット)。
     1>InitializeBuildStatus:
         "AlwaysCreate" が指定されたため "Debug\no2_1.unsuccessfulbuild" を作成しています。
       ClCompile:
         C:\Program Files\Microsoft Visual Studio 10.0\VC\bin\CL.exe /c /ZI /nologo /W3 /WX- /Od /Oy- /D _MBCS /Gm /EHsc /RTC1 /MDd /GS /fp:precise /Zc:wchar_t /Zc:forScope /Fo"Debug\\" /Fd"Debug\vc100.pdb" /Gd /TP /analyze- /errorReport:prompt main.cpp
         main.cpp
     1>c:\users\kurratalab\documents\github\tis_internship\no2\no2_1\no2_1\main.cpp(20): warning C4996: 'scanf': This function or variable may be unsafe. Consider using scanf_s instead. To disable deprecation, use _CRT_SECURE_NO_WARNINGS. See online help for details.
                 c:\program files\microsoft visual studio 10.0\vc\include\stdio.h(304) : 'scanf' の宣言を確認してください。
     1>c:\users\kurratalab\documents\github\tis_internship\no2\no2_1\no2_1\main.cpp(64): warning C4996: 'scanf': This function or variable may be unsafe. Consider using scanf_s instead. To disable deprecation, use _CRT_SECURE_NO_WARNINGS. See online help for details.
                 c:\program files\microsoft visual studio 10.0\vc\include\stdio.h(304) : 'scanf' の宣言を確認してください。
       Link:
         C:\Program Files\Microsoft Visual Studio 10.0\VC\bin\link.exe /ERRORREPORT:PROMPT /OUT:"C:\Users\kurratalab\Documents\GitHub\TIS_Internship\no2\no2_1\Debug\no2_1.exe" /NOLOGO kernel32.lib user32.lib gdi32.lib winspool.lib comdlg32.lib advapi32.lib shell32.lib ole32.lib oleaut32.lib uuid.lib odbc32.lib odbccp32.lib /MANIFEST /ManifestFile:"Debug\no2_1.exe.intermediate.manifest" /MANIFESTUAC:"level='asInvoker' uiAccess='false'" /DEBUG /PDB:"C:\Users\kurratalab\Documents\GitHub\TIS_Internship\no2\no2_1\Debug\no2_1.pdb" /SUBSYSTEM:CONSOLE /TLBID:1 /DYNAMICBASE /NXCOMPAT /IMPLIB:"C:\Users\kurratalab\Documents\GitHub\TIS_Internship\no2\no2_1\Debug\no2_1.lib" /MACHINE:X86 Debug\main.obj
         LINK : 前回のインクリメンタル リンクで C:\Users\kurratalab\Documents\GitHub\TIS_Internship\no2\no2_1\Debug\no2_1.exe が見つからなかったか、ビルドされませんでした。フル リンクを行います。
         no2_1.vcxproj -> C:\Users\kurratalab\Documents\GitHub\TIS_Internship\no2\no2_1\Debug\no2_1.exe
       Manifest:
         C:\Program Files\Microsoft SDKs\Windows\v7.0A\bin\mt.exe /nologo /verbose /outputresource:"C:\Users\kurratalab\Documents\GitHub\TIS_Internship\no2\no2_1\Debug\no2_1.exe;#1" /manifest Debug\no2_1.exe.intermediate.manifest
       FinalizeBuildStatus:
         ファイル "Debug\no2_1.unsuccessfulbuild" を削除しています。
         "Debug\no2_1.lastbuildstate" のタッチ タスクを実行しています。
     1>プロジェクト "C:\Users\kurratalab\Documents\GitHub\TIS_Internship\no2\no2_1\no2_1\no2_1.vcxproj" (build ターゲット) のビルドが完了しました。

ビルドに成功しました。

経過時間 00:00:00.70
