2014/02/28 14:13:25 にビルドを開始しました。
     1>ノード 2 上のプロジェクト "C:\Users\kurratalab\Documents\GitHub\TIS_Internship2\no6\no6\no6\no6.vcxproj" (build ターゲット)。
     1>InitializeBuildStatus:
         "AlwaysCreate" が指定されたため "Debug\no6.unsuccessfulbuild" を作成しています。
       ClCompile:
         C:\Program Files\Microsoft Visual Studio 10.0\VC\bin\CL.exe /c /ZI /nologo /W3 /WX- /Od /Oy- /D _MBCS /Gm /EHsc /RTC1 /MDd /GS /fp:precise /Zc:wchar_t /Zc:forScope /Fo"Debug\\" /Fd"Debug\vc100.pdb" /Gd /TP /analyze- /errorReport:prompt GA_usr_input.cpp
         GA_usr_input.cpp
     1>c:\users\kurratalab\documents\github\tis_internship2\no6\no6\no6\ga_usr_input.cpp(18): warning C4101: 'alpha' : ローカル変数は 1 度も使われていません。
     1>c:\users\kurratalab\documents\github\tis_internship2\no6\no6\no6\ga_usr_input.cpp(25): warning C4101: 'kukan' : ローカル変数は 1 度も使われていません。
     1>c:\users\kurratalab\documents\github\tis_internship2\no6\no6\no6\ga_usr_input.cpp(18): warning C4101: 'gamma' : ローカル変数は 1 度も使われていません。
     1>c:\users\kurratalab\documents\github\tis_internship2\no6\no6\no6\ga_usr_input.cpp(18): warning C4101: 'beta' : ローカル変数は 1 度も使われていません。
       Link:
         C:\Program Files\Microsoft Visual Studio 10.0\VC\bin\link.exe /ERRORREPORT:PROMPT /OUT:"C:\Users\kurratalab\Documents\GitHub\TIS_Internship2\no6\no6\Debug\no6.exe" /NOLOGO kernel32.lib user32.lib gdi32.lib winspool.lib comdlg32.lib advapi32.lib shell32.lib ole32.lib oleaut32.lib uuid.lib odbc32.lib odbccp32.lib /MANIFEST /ManifestFile:"Debug\no6.exe.intermediate.manifest" /MANIFESTUAC:"level='asInvoker' uiAccess='false'" /DEBUG /PDB:"C:\Users\kurratalab\Documents\GitHub\TIS_Internship2\no6\no6\Debug\no6.pdb" /SUBSYSTEM:CONSOLE /TLBID:1 /DYNAMICBASE /NXCOMPAT /IMPLIB:"C:\Users\kurratalab\Documents\GitHub\TIS_Internship2\no6\no6\Debug\no6.lib" /MACHINE:X86 Debug\GA.obj
         Debug\GA_usr_input.obj
         Debug\main.obj
         Debug\nrutil.obj
         LINK : 前回のインクリメンタル リンクで C:\Users\kurratalab\Documents\GitHub\TIS_Internship2\no6\no6\Debug\no6.exe が見つからなかったか、ビルドされませんでした。フル リンクを行います。
         no6.vcxproj -> C:\Users\kurratalab\Documents\GitHub\TIS_Internship2\no6\no6\Debug\no6.exe
       Manifest:
         C:\Program Files\Microsoft SDKs\Windows\v7.0A\bin\mt.exe /nologo /verbose /outputresource:"C:\Users\kurratalab\Documents\GitHub\TIS_Internship2\no6\no6\Debug\no6.exe;#1" /manifest Debug\no6.exe.intermediate.manifest
       FinalizeBuildStatus:
         ファイル "Debug\no6.unsuccessfulbuild" を削除しています。
         "Debug\no6.lastbuildstate" のタッチ タスクを実行しています。
     1>プロジェクト "C:\Users\kurratalab\Documents\GitHub\TIS_Internship2\no6\no6\no6\no6.vcxproj" (build ターゲット) のビルドが完了しました。

ビルドに成功しました。

経過時間 00:00:01.08
