C:\USERS\KURRATALAB\DOCUMENTS\GITHUB\TIS_INTERNSHIP2\NO6\NO6\DEBUG\NO6.EXE
C:\USERS\KURRATALAB\DOCUMENTS\GITHUB\TIS_INTERNSHIP2\NO6\NO6\DEBUG\NO6.ILK
C:\USERS\KURRATALAB\DOCUMENTS\GITHUB\TIS_INTERNSHIP2\NO6\NO6\DEBUG\NO6.PDB
C:\Users\kurratalab\Documents\GitHub\TIS_Internship2\no6\no6\no6\Debug\cl.command.1.tlog
C:\Users\kurratalab\Documents\GitHub\TIS_Internship2\no6\no6\no6\Debug\CL.read.1.tlog
C:\Users\kurratalab\Documents\GitHub\TIS_Internship2\no6\no6\no6\Debug\CL.write.1.tlog
C:\USERS\KURRATALAB\DOCUMENTS\GITHUB\TIS_INTERNSHIP2\NO6\NO6\NO6\DEBUG\GA.OBJ
C:\USERS\KURRATALAB\DOCUMENTS\GITHUB\TIS_INTERNSHIP2\NO6\NO6\NO6\DEBUG\GA_USR_INPUT.OBJ
C:\Users\kurratalab\Documents\GitHub\TIS_Internship2\no6\no6\no6\Debug\link.command.1.tlog
C:\Users\kurratalab\Documents\GitHub\TIS_Internship2\no6\no6\no6\Debug\link.read.1.tlog
C:\Users\kurratalab\Documents\GitHub\TIS_Internship2\no6\no6\no6\Debug\link.write.1.tlog
C:\USERS\KURRATALAB\DOCUMENTS\GITHUB\TIS_INTERNSHIP2\NO6\NO6\NO6\DEBUG\MAIN.OBJ
C:\Users\kurratalab\Documents\GitHub\TIS_Internship2\no6\no6\no6\Debug\mt.command.1.tlog
C:\Users\kurratalab\Documents\GitHub\TIS_Internship2\no6\no6\no6\Debug\mt.read.1.tlog
C:\Users\kurratalab\Documents\GitHub\TIS_Internship2\no6\no6\no6\Debug\mt.write.1.tlog
C:\USERS\KURRATALAB\DOCUMENTS\GITHUB\TIS_INTERNSHIP2\NO6\NO6\NO6\DEBUG\NO6.EXE.INTERMEDIATE.MANIFEST
C:\Users\kurratalab\Documents\GitHub\TIS_Internship2\no6\no6\no6\Debug\no6.write.1.tlog
C:\USERS\KURRATALAB\DOCUMENTS\GITHUB\TIS_INTERNSHIP2\NO6\NO6\NO6\DEBUG\NRUTIL.OBJ
C:\Users\kurratalab\Documents\GitHub\TIS_Internship2\no6\no6\no6\Debug\vc100.idb
C:\USERS\KURRATALAB\DOCUMENTS\GITHUB\TIS_INTERNSHIP2\NO6\NO6\NO6\DEBUG\VC100.PDB
